<?xml version="1.0" encoding="UTF-8"?>
<testsuite xmlns:xsi="http://www.w3.org/2001/XMLSchema-instance" xsi:noNamespaceSchemaLocation="https://maven.apache.org/surefire/maven-surefire-plugin/xsd/surefire-test-report.xsd" name="com.example.demo.DemoApplicationTests" time="5.589" tests="1" errors="0" skipped="0" failures="0">
  <properties>
    <property name="java.specification.version" value="17"/>
    <property name="sun.cpu.isalist" value="amd64"/>
    <property name="sun.jnu.encoding" value="Cp1252"/>
    <property name="java.class.path" value="C:\Users\bbenz\OneDrive - Microsoft\Documents\GitHub\devopsforjavashops-TestABAzureDevOPs\target\test-classes;C:\Users\bbenz\OneDrive - Microsoft\Documents\GitHub\devopsforjavashops-TestABAzureDevOPs\target\classes;C:\Users\bbenz\.m2\repository\org\springframework\boot\spring-boot-starter-web\2.3.3.RELEASE\spring-boot-starter-web-2.3.3.RELEASE.jar;C:\Users\bbenz\.m2\repository\org\springframework\boot\spring-boot-starter\2.3.3.RELEASE\spring-boot-starter-2.3.3.RELEASE.jar;C:\Users\bbenz\.m2\repository\org\springframework\boot\spring-boot\2.3.3.RELEASE\spring-boot-2.3.3.RELEASE.jar;C:\Users\bbenz\.m2\repository\org\springframework\boot\spring-boot-autoconfigure\2.3.3.RELEASE\spring-boot-autoconfigure-2.3.3.RELEASE.jar;C:\Users\bbenz\.m2\repository\jakarta\annotation\jakarta.annotation-api\1.3.5\jakarta.annotation-api-1.3.5.jar;C:\Users\bbenz\.m2\repository\org\yaml\snakeyaml\1.26\snakeyaml-1.26.jar;C:\Users\bbenz\.m2\repository\org\springframework\boot\spring-boot-starter-json\2.3.3.RELEASE\spring-boot-starter-json-2.3.3.RELEASE.jar;C:\Users\bbenz\.m2\repository\com\fasterxml\jackson\core\jackson-databind\2.11.2\jackson-databind-2.11.2.jar;C:\Users\bbenz\.m2\repository\com\fasterxml\jackson\core\jackson-core\2.11.2\jackson-core-2.11.2.jar;C:\Users\bbenz\.m2\repository\com\fasterxml\jackson\datatype\jackson-datatype-jdk8\2.11.2\jackson-datatype-jdk8-2.11.2.jar;C:\Users\bbenz\.m2\repository\com\fasterxml\jackson\datatype\jackson-datatype-jsr310\2.11.2\jackson-datatype-jsr310-2.11.2.jar;C:\Users\bbenz\.m2\repository\com\fasterxml\jackson\module\jackson-module-parameter-names\2.11.2\jackson-module-parameter-names-2.11.2.jar;C:\Users\bbenz\.m2\repository\org\springframework\boot\spring-boot-starter-tomcat\2.3.3.RELEASE\spring-boot-starter-tomcat-2.3.3.RELEASE.jar;C:\Users\bbenz\.m2\repository\org\apache\tomcat\embed\tomcat-embed-core\9.0.37\tomcat-embed-core-9.0.37.jar;C:\Users\bbenz\.m2\repository\org\glassfish\jakarta.el\3.0.3\jakarta.el-3.0.3.jar;C:\Users\bbenz\.m2\repository\org\apache\tomcat\embed\tomcat-embed-websocket\9.0.37\tomcat-embed-websocket-9.0.37.jar;C:\Users\bbenz\.m2\repository\org\springframework\spring-web\5.2.8.RELEASE\spring-web-5.2.8.RELEASE.jar;C:\Users\bbenz\.m2\repository\org\springframework\spring-beans\5.2.8.RELEASE\spring-beans-5.2.8.RELEASE.jar;C:\Users\bbenz\.m2\repository\org\springframework\spring-webmvc\5.2.8.RELEASE\spring-webmvc-5.2.8.RELEASE.jar;C:\Users\bbenz\.m2\repository\org\springframework\spring-aop\5.2.8.RELEASE\spring-aop-5.2.8.RELEASE.jar;C:\Users\bbenz\.m2\repository\org\springframework\spring-context\5.2.8.RELEASE\spring-context-5.2.8.RELEASE.jar;C:\Users\bbenz\.m2\repository\org\springframework\spring-expression\5.2.8.RELEASE\spring-expression-5.2.8.RELEASE.jar;C:\Users\bbenz\.m2\repository\org\springframework\boot\spring-boot-starter-test\2.3.3.RELEASE\spring-boot-starter-test-2.3.3.RELEASE.jar;C:\Users\bbenz\.m2\repository\org\springframework\boot\spring-boot-test\2.3.3.RELEASE\spring-boot-test-2.3.3.RELEASE.jar;C:\Users\bbenz\.m2\repository\org\springframework\boot\spring-boot-test-autoconfigure\2.3.3.RELEASE\spring-boot-test-autoconfigure-2.3.3.RELEASE.jar;C:\Users\bbenz\.m2\repository\com\jayway\jsonpath\json-path\2.4.0\json-path-2.4.0.jar;C:\Users\bbenz\.m2\repository\net\minidev\json-smart\2.3\json-smart-2.3.jar;C:\Users\bbenz\.m2\repository\net\minidev\accessors-smart\1.2\accessors-smart-1.2.jar;C:\Users\bbenz\.m2\repository\org\ow2\asm\asm\5.0.4\asm-5.0.4.jar;C:\Users\bbenz\.m2\repository\org\slf4j\slf4j-api\1.7.30\slf4j-api-1.7.30.jar;C:\Users\bbenz\.m2\repository\jakarta\xml\bind\jakarta.xml.bind-api\2.3.3\jakarta.xml.bind-api-2.3.3.jar;C:\Users\bbenz\.m2\repository\jakarta\activation\jakarta.activation-api\1.2.2\jakarta.activation-api-1.2.2.jar;C:\Users\bbenz\.m2\repository\org\assertj\assertj-core\3.16.1\assertj-core-3.16.1.jar;C:\Users\bbenz\.m2\repository\org\hamcrest\hamcrest\2.2\hamcrest-2.2.jar;C:\Users\bbenz\.m2\repository\org\junit\jupiter\junit-jupiter\5.6.2\junit-jupiter-5.6.2.jar;C:\Users\bbenz\.m2\repository\org\junit\jupiter\junit-jupiter-api\5.6.2\junit-jupiter-api-5.6.2.jar;C:\Users\bbenz\.m2\repository\org\apiguardian\apiguardian-api\1.1.0\apiguardian-api-1.1.0.jar;C:\Users\bbenz\.m2\repository\org\opentest4j\opentest4j\1.2.0\opentest4j-1.2.0.jar;C:\Users\bbenz\.m2\repository\org\junit\platform\junit-platform-commons\1.6.2\junit-platform-commons-1.6.2.jar;C:\Users\bbenz\.m2\repository\org\junit\jupiter\junit-jupiter-params\5.6.2\junit-jupiter-params-5.6.2.jar;C:\Users\bbenz\.m2\repository\org\junit\jupiter\junit-jupiter-engine\5.6.2\junit-jupiter-engine-5.6.2.jar;C:\Users\bbenz\.m2\repository\org\junit\platform\junit-platform-engine\1.6.2\junit-platform-engine-1.6.2.jar;C:\Users\bbenz\.m2\repository\org\mockito\mockito-core\3.3.3\mockito-core-3.3.3.jar;C:\Users\bbenz\.m2\repository\net\bytebuddy\byte-buddy\1.10.14\byte-buddy-1.10.14.jar;C:\Users\bbenz\.m2\repository\net\bytebuddy\byte-buddy-agent\1.10.14\byte-buddy-agent-1.10.14.jar;C:\Users\bbenz\.m2\repository\org\objenesis\objenesis\2.6\objenesis-2.6.jar;C:\Users\bbenz\.m2\repository\org\mockito\mockito-junit-jupiter\3.3.3\mockito-junit-jupiter-3.3.3.jar;C:\Users\bbenz\.m2\repository\org\skyscreamer\jsonassert\1.5.0\jsonassert-1.5.0.jar;C:\Users\bbenz\.m2\repository\com\vaadin\external\google\android-json\0.0.20131108.vaadin1\android-json-0.0.20131108.vaadin1.jar;C:\Users\bbenz\.m2\repository\org\springframework\spring-core\5.2.8.RELEASE\spring-core-5.2.8.RELEASE.jar;C:\Users\bbenz\.m2\repository\org\springframework\spring-jcl\5.2.8.RELEASE\spring-jcl-5.2.8.RELEASE.jar;C:\Users\bbenz\.m2\repository\org\springframework\spring-test\5.2.8.RELEASE\spring-test-5.2.8.RELEASE.jar;C:\Users\bbenz\.m2\repository\org\xmlunit\xmlunit-core\2.7.0\xmlunit-core-2.7.0.jar;C:\Users\bbenz\.m2\repository\com\microsoft\azure\spring-cloud-azure-appconfiguration-config-web\1.1.5\spring-cloud-azure-appconfiguration-config-web-1.1.5.jar;C:\Users\bbenz\.m2\repository\com\microsoft\azure\spring-cloud-azure-appconfiguration-config\1.1.5\spring-cloud-azure-appconfiguration-config-1.1.5.jar;C:\Users\bbenz\.m2\repository\org\springframework\boot\spring-boot-autoconfigure-processor\2.3.3.RELEASE\spring-boot-autoconfigure-processor-2.3.3.RELEASE.jar;C:\Users\bbenz\.m2\repository\org\springframework\cloud\spring-cloud-context\2.1.0.RELEASE\spring-cloud-context-2.1.0.RELEASE.jar;C:\Users\bbenz\.m2\repository\org\springframework\security\spring-security-crypto\5.3.4.RELEASE\spring-security-crypto-5.3.4.RELEASE.jar;C:\Users\bbenz\.m2\repository\org\slf4j\jcl-over-slf4j\1.7.30\jcl-over-slf4j-1.7.30.jar;C:\Users\bbenz\.m2\repository\com\fasterxml\jackson\core\jackson-annotations\2.11.2\jackson-annotations-2.11.2.jar;C:\Users\bbenz\.m2\repository\com\azure\azure-core\1.3.0\azure-core-1.3.0.jar;C:\Users\bbenz\.m2\repository\com\fasterxml\jackson\dataformat\jackson-dataformat-xml\2.11.2\jackson-dataformat-xml-2.11.2.jar;C:\Users\bbenz\.m2\repository\com\fasterxml\jackson\module\jackson-module-jaxb-annotations\2.11.2\jackson-module-jaxb-annotations-2.11.2.jar;C:\Users\bbenz\.m2\repository\org\codehaus\woodstox\stax2-api\4.2.1\stax2-api-4.2.1.jar;C:\Users\bbenz\.m2\repository\com\fasterxml\woodstox\woodstox-core\6.2.1\woodstox-core-6.2.1.jar;C:\Users\bbenz\.m2\repository\io\projectreactor\reactor-core\3.3.9.RELEASE\reactor-core-3.3.9.RELEASE.jar;C:\Users\bbenz\.m2\repository\org\reactivestreams\reactive-streams\1.0.3\reactive-streams-1.0.3.jar;C:\Users\bbenz\.m2\repository\io\netty\netty-tcnative-boringssl-static\2.0.31.Final\netty-tcnative-boringssl-static-2.0.31.Final.jar;C:\Users\bbenz\.m2\repository\com\azure\azure-data-appconfiguration\1.1.0\azure-data-appconfiguration-1.1.0.jar;C:\Users\bbenz\.m2\repository\com\azure\azure-identity\1.0.4\azure-identity-1.0.4.jar;C:\Users\bbenz\.m2\repository\com\microsoft\azure\msal4j\0.5.0-preview\msal4j-0.5.0-preview.jar;C:\Users\bbenz\.m2\repository\com\google\code\gson\gson\2.8.6\gson-2.8.6.jar;C:\Users\bbenz\.m2\repository\commons-codec\commons-codec\1.14\commons-codec-1.14.jar;C:\Users\bbenz\.m2\repository\org\apache\commons\commons-lang3\3.10\commons-lang3-3.10.jar;C:\Users\bbenz\.m2\repository\org\apache\httpcomponents\httpclient\4.5.12\httpclient-4.5.12.jar;C:\Users\bbenz\.m2\repository\org\apache\httpcomponents\httpcore\4.4.13\httpcore-4.4.13.jar;C:\Users\bbenz\.m2\repository\com\nimbusds\oauth2-oidc-sdk\7.1.1\oauth2-oidc-sdk-7.1.1.jar;C:\Users\bbenz\.m2\repository\com\github\stephenc\jcip\jcip-annotations\1.0-1\jcip-annotations-1.0-1.jar;C:\Users\bbenz\.m2\repository\com\nimbusds\content-type\2.0\content-type-2.0.jar;C:\Users\bbenz\.m2\repository\com\nimbusds\lang-tag\1.4.4\lang-tag-1.4.4.jar;C:\Users\bbenz\.m2\repository\com\nimbusds\nimbus-jose-jwt\8.8\nimbus-jose-jwt-8.8.jar;C:\Users\bbenz\.m2\repository\com\sun\mail\javax.mail\1.6.1\javax.mail-1.6.1.jar;C:\Users\bbenz\.m2\repository\javax\activation\activation\1.1\activation-1.1.jar;C:\Users\bbenz\.m2\repository\org\nanohttpd\nanohttpd\2.3.1\nanohttpd-2.3.1.jar;C:\Users\bbenz\.m2\repository\net\java\dev\jna\jna-platform\5.4.0\jna-platform-5.4.0.jar;C:\Users\bbenz\.m2\repository\net\java\dev\jna\jna\5.4.0\jna-5.4.0.jar;C:\Users\bbenz\.m2\repository\com\azure\azure-security-keyvault-secrets\4.1.1\azure-security-keyvault-secrets-4.1.1.jar;C:\Users\bbenz\.m2\repository\com\azure\azure-core-http-netty\1.3.0\azure-core-http-netty-1.3.0.jar;C:\Users\bbenz\.m2\repository\io\netty\netty-handler\4.1.51.Final\netty-handler-4.1.51.Final.jar;C:\Users\bbenz\.m2\repository\io\netty\netty-common\4.1.51.Final\netty-common-4.1.51.Final.jar;C:\Users\bbenz\.m2\repository\io\netty\netty-resolver\4.1.51.Final\netty-resolver-4.1.51.Final.jar;C:\Users\bbenz\.m2\repository\io\netty\netty-transport\4.1.51.Final\netty-transport-4.1.51.Final.jar;C:\Users\bbenz\.m2\repository\io\netty\netty-codec\4.1.51.Final\netty-codec-4.1.51.Final.jar;C:\Users\bbenz\.m2\repository\io\netty\netty-handler-proxy\4.1.51.Final\netty-handler-proxy-4.1.51.Final.jar;C:\Users\bbenz\.m2\repository\io\netty\netty-codec-socks\4.1.51.Final\netty-codec-socks-4.1.51.Final.jar;C:\Users\bbenz\.m2\repository\io\netty\netty-buffer\4.1.51.Final\netty-buffer-4.1.51.Final.jar;C:\Users\bbenz\.m2\repository\io\netty\netty-codec-http\4.1.51.Final\netty-codec-http-4.1.51.Final.jar;C:\Users\bbenz\.m2\repository\io\netty\netty-codec-http2\4.1.51.Final\netty-codec-http2-4.1.51.Final.jar;C:\Users\bbenz\.m2\repository\io\netty\netty-transport-native-unix-common\4.1.51.Final\netty-transport-native-unix-common-4.1.51.Final.jar;C:\Users\bbenz\.m2\repository\io\netty\netty-transport-native-epoll\4.1.51.Final\netty-transport-native-epoll-4.1.51.Final-linux-x86_64.jar;C:\Users\bbenz\.m2\repository\org\springframework\boot\spring-boot-starter-logging\2.3.3.RELEASE\spring-boot-starter-logging-2.3.3.RELEASE.jar;C:\Users\bbenz\.m2\repository\ch\qos\logback\logback-classic\1.2.3\logback-classic-1.2.3.jar;C:\Users\bbenz\.m2\repository\ch\qos\logback\logback-core\1.2.3\logback-core-1.2.3.jar;C:\Users\bbenz\.m2\repository\org\apache\logging\log4j\log4j-to-slf4j\2.13.3\log4j-to-slf4j-2.13.3.jar;C:\Users\bbenz\.m2\repository\org\apache\logging\log4j\log4j-api\2.13.3\log4j-api-2.13.3.jar;C:\Users\bbenz\.m2\repository\org\slf4j\jul-to-slf4j\1.7.30\jul-to-slf4j-1.7.30.jar;C:\Users\bbenz\.m2\repository\org\hibernate\validator\hibernate-validator\6.1.5.Final\hibernate-validator-6.1.5.Final.jar;C:\Users\bbenz\.m2\repository\jakarta\validation\jakarta.validation-api\2.0.2\jakarta.validation-api-2.0.2.jar;C:\Users\bbenz\.m2\repository\org\jboss\logging\jboss-logging\3.4.1.Final\jboss-logging-3.4.1.Final.jar;C:\Users\bbenz\.m2\repository\com\fasterxml\classmate\1.5.1\classmate-1.5.1.jar;C:\Users\bbenz\.m2\repository\com\microsoft\azure\spring-cloud-azure-feature-management-web\1.1.5\spring-cloud-azure-feature-management-web-1.1.5.jar;C:\Users\bbenz\.m2\repository\com\microsoft\azure\spring-cloud-azure-feature-management\1.1.5\spring-cloud-azure-feature-management-1.1.5.jar;C:\Users\bbenz\.m2\repository\io\projectreactor\netty\reactor-netty\0.9.11.RELEASE\reactor-netty-0.9.11.RELEASE.jar;C:\Users\bbenz\.m2\repository\org\springframework\boot\spring-boot-starter-thymeleaf\2.3.3.RELEASE\spring-boot-starter-thymeleaf-2.3.3.RELEASE.jar;C:\Users\bbenz\.m2\repository\org\thymeleaf\thymeleaf-spring5\3.0.11.RELEASE\thymeleaf-spring5-3.0.11.RELEASE.jar;C:\Users\bbenz\.m2\repository\org\thymeleaf\thymeleaf\3.0.11.RELEASE\thymeleaf-3.0.11.RELEASE.jar;C:\Users\bbenz\.m2\repository\org\attoparser\attoparser\2.0.5.RELEASE\attoparser-2.0.5.RELEASE.jar;C:\Users\bbenz\.m2\repository\org\unbescape\unbescape\1.1.6.RELEASE\unbescape-1.1.6.RELEASE.jar;C:\Users\bbenz\.m2\repository\org\thymeleaf\extras\thymeleaf-extras-java8time\3.0.4.RELEASE\thymeleaf-extras-java8time-3.0.4.RELEASE.jar;C:\Users\bbenz\.m2\repository\org\projectlombok\lombok\1.18.22\lombok-1.18.22.jar;"/>
    <property name="java.vm.vendor" value="Eclipse Adoptium"/>
    <property name="sun.arch.data.model" value="64"/>
    <property name="user.variant" value=""/>
    <property name="java.vendor.url" value="https://adoptium.net/"/>
    <property name="user.timezone" value="America/Los_Angeles"/>
    <property name="os.name" value="Windows 11"/>
    <property name="java.vm.specification.version" value="17"/>
    <property name="sun.java.launcher" value="SUN_STANDARD"/>
    <property name="user.country" value="US"/>
    <property name="sun.boot.library.path" value="C:\Program Files\Eclipse Adoptium\jdk-17.0.2.8-hotspot\bin"/>
    <property name="sun.java.command" value="C:\Users\bbenz\AppData\Local\Temp\surefire17917500812473016884\surefirebooter11952045411570556681.jar C:\Users\bbenz\AppData\Local\Temp\surefire17917500812473016884 2022-02-02T22-27-24_102-jvmRun1 surefire13301429459697962089tmp surefire_01699135066607885219tmp"/>
    <property name="jdk.debug" value="release"/>
    <property name="surefire.test.class.path" value="C:\Users\bbenz\OneDrive - Microsoft\Documents\GitHub\devopsforjavashops-TestABAzureDevOPs\target\test-classes;C:\Users\bbenz\OneDrive - Microsoft\Documents\GitHub\devopsforjavashops-TestABAzureDevOPs\target\classes;C:\Users\bbenz\.m2\repository\org\springframework\boot\spring-boot-starter-web\2.3.3.RELEASE\spring-boot-starter-web-2.3.3.RELEASE.jar;C:\Users\bbenz\.m2\repository\org\springframework\boot\spring-boot-starter\2.3.3.RELEASE\spring-boot-starter-2.3.3.RELEASE.jar;C:\Users\bbenz\.m2\repository\org\springframework\boot\spring-boot\2.3.3.RELEASE\spring-boot-2.3.3.RELEASE.jar;C:\Users\bbenz\.m2\repository\org\springframework\boot\spring-boot-autoconfigure\2.3.3.RELEASE\spring-boot-autoconfigure-2.3.3.RELEASE.jar;C:\Users\bbenz\.m2\repository\jakarta\annotation\jakarta.annotation-api\1.3.5\jakarta.annotation-api-1.3.5.jar;C:\Users\bbenz\.m2\repository\org\yaml\snakeyaml\1.26\snakeyaml-1.26.jar;C:\Users\bbenz\.m2\repository\org\springframework\boot\spring-boot-starter-json\2.3.3.RELEASE\spring-boot-starter-json-2.3.3.RELEASE.jar;C:\Users\bbenz\.m2\repository\com\fasterxml\jackson\core\jackson-databind\2.11.2\jackson-databind-2.11.2.jar;C:\Users\bbenz\.m2\repository\com\fasterxml\jackson\core\jackson-core\2.11.2\jackson-core-2.11.2.jar;C:\Users\bbenz\.m2\repository\com\fasterxml\jackson\datatype\jackson-datatype-jdk8\2.11.2\jackson-datatype-jdk8-2.11.2.jar;C:\Users\bbenz\.m2\repository\com\fasterxml\jackson\datatype\jackson-datatype-jsr310\2.11.2\jackson-datatype-jsr310-2.11.2.jar;C:\Users\bbenz\.m2\repository\com\fasterxml\jackson\module\jackson-module-parameter-names\2.11.2\jackson-module-parameter-names-2.11.2.jar;C:\Users\bbenz\.m2\repository\org\springframework\boot\spring-boot-starter-tomcat\2.3.3.RELEASE\spring-boot-starter-tomcat-2.3.3.RELEASE.jar;C:\Users\bbenz\.m2\repository\org\apache\tomcat\embed\tomcat-embed-core\9.0.37\tomcat-embed-core-9.0.37.jar;C:\Users\bbenz\.m2\repository\org\glassfish\jakarta.el\3.0.3\jakarta.el-3.0.3.jar;C:\Users\bbenz\.m2\repository\org\apache\tomcat\embed\tomcat-embed-websocket\9.0.37\tomcat-embed-websocket-9.0.37.jar;C:\Users\bbenz\.m2\repository\org\springframework\spring-web\5.2.8.RELEASE\spring-web-5.2.8.RELEASE.jar;C:\Users\bbenz\.m2\repository\org\springframework\spring-beans\5.2.8.RELEASE\spring-beans-5.2.8.RELEASE.jar;C:\Users\bbenz\.m2\repository\org\springframework\spring-webmvc\5.2.8.RELEASE\spring-webmvc-5.2.8.RELEASE.jar;C:\Users\bbenz\.m2\repository\org\springframework\spring-aop\5.2.8.RELEASE\spring-aop-5.2.8.RELEASE.jar;C:\Users\bbenz\.m2\repository\org\springframework\spring-context\5.2.8.RELEASE\spring-context-5.2.8.RELEASE.jar;C:\Users\bbenz\.m2\repository\org\springframework\spring-expression\5.2.8.RELEASE\spring-expression-5.2.8.RELEASE.jar;C:\Users\bbenz\.m2\repository\org\springframework\boot\spring-boot-starter-test\2.3.3.RELEASE\spring-boot-starter-test-2.3.3.RELEASE.jar;C:\Users\bbenz\.m2\repository\org\springframework\boot\spring-boot-test\2.3.3.RELEASE\spring-boot-test-2.3.3.RELEASE.jar;C:\Users\bbenz\.m2\repository\org\springframework\boot\spring-boot-test-autoconfigure\2.3.3.RELEASE\spring-boot-test-autoconfigure-2.3.3.RELEASE.jar;C:\Users\bbenz\.m2\repository\com\jayway\jsonpath\json-path\2.4.0\json-path-2.4.0.jar;C:\Users\bbenz\.m2\repository\net\minidev\json-smart\2.3\json-smart-2.3.jar;C:\Users\bbenz\.m2\repository\net\minidev\accessors-smart\1.2\accessors-smart-1.2.jar;C:\Users\bbenz\.m2\repository\org\ow2\asm\asm\5.0.4\asm-5.0.4.jar;C:\Users\bbenz\.m2\repository\org\slf4j\slf4j-api\1.7.30\slf4j-api-1.7.30.jar;C:\Users\bbenz\.m2\repository\jakarta\xml\bind\jakarta.xml.bind-api\2.3.3\jakarta.xml.bind-api-2.3.3.jar;C:\Users\bbenz\.m2\repository\jakarta\activation\jakarta.activation-api\1.2.2\jakarta.activation-api-1.2.2.jar;C:\Users\bbenz\.m2\repository\org\assertj\assertj-core\3.16.1\assertj-core-3.16.1.jar;C:\Users\bbenz\.m2\repository\org\hamcrest\hamcrest\2.2\hamcrest-2.2.jar;C:\Users\bbenz\.m2\repository\org\junit\jupiter\junit-jupiter\5.6.2\junit-jupiter-5.6.2.jar;C:\Users\bbenz\.m2\repository\org\junit\jupiter\junit-jupiter-api\5.6.2\junit-jupiter-api-5.6.2.jar;C:\Users\bbenz\.m2\repository\org\apiguardian\apiguardian-api\1.1.0\apiguardian-api-1.1.0.jar;C:\Users\bbenz\.m2\repository\org\opentest4j\opentest4j\1.2.0\opentest4j-1.2.0.jar;C:\Users\bbenz\.m2\repository\org\junit\platform\junit-platform-commons\1.6.2\junit-platform-commons-1.6.2.jar;C:\Users\bbenz\.m2\repository\org\junit\jupiter\junit-jupiter-params\5.6.2\junit-jupiter-params-5.6.2.jar;C:\Users\bbenz\.m2\repository\org\junit\jupiter\junit-jupiter-engine\5.6.2\junit-jupiter-engine-5.6.2.jar;C:\Users\bbenz\.m2\repository\org\junit\platform\junit-platform-engine\1.6.2\junit-platform-engine-1.6.2.jar;C:\Users\bbenz\.m2\repository\org\mockito\mockito-core\3.3.3\mockito-core-3.3.3.jar;C:\Users\bbenz\.m2\repository\net\bytebuddy\byte-buddy\1.10.14\byte-buddy-1.10.14.jar;C:\Users\bbenz\.m2\repository\net\bytebuddy\byte-buddy-agent\1.10.14\byte-buddy-agent-1.10.14.jar;C:\Users\bbenz\.m2\repository\org\objenesis\objenesis\2.6\objenesis-2.6.jar;C:\Users\bbenz\.m2\repository\org\mockito\mockito-junit-jupiter\3.3.3\mockito-junit-jupiter-3.3.3.jar;C:\Users\bbenz\.m2\repository\org\skyscreamer\jsonassert\1.5.0\jsonassert-1.5.0.jar;C:\Users\bbenz\.m2\repository\com\vaadin\external\google\android-json\0.0.20131108.vaadin1\android-json-0.0.20131108.vaadin1.jar;C:\Users\bbenz\.m2\repository\org\springframework\spring-core\5.2.8.RELEASE\spring-core-5.2.8.RELEASE.jar;C:\Users\bbenz\.m2\repository\org\springframework\spring-jcl\5.2.8.RELEASE\spring-jcl-5.2.8.RELEASE.jar;C:\Users\bbenz\.m2\repository\org\springframework\spring-test\5.2.8.RELEASE\spring-test-5.2.8.RELEASE.jar;C:\Users\bbenz\.m2\repository\org\xmlunit\xmlunit-core\2.7.0\xmlunit-core-2.7.0.jar;C:\Users\bbenz\.m2\repository\com\microsoft\azure\spring-cloud-azure-appconfiguration-config-web\1.1.5\spring-cloud-azure-appconfiguration-config-web-1.1.5.jar;C:\Users\bbenz\.m2\repository\com\microsoft\azure\spring-cloud-azure-appconfiguration-config\1.1.5\spring-cloud-azure-appconfiguration-config-1.1.5.jar;C:\Users\bbenz\.m2\repository\org\springframework\boot\spring-boot-autoconfigure-processor\2.3.3.RELEASE\spring-boot-autoconfigure-processor-2.3.3.RELEASE.jar;C:\Users\bbenz\.m2\repository\org\springframework\cloud\spring-cloud-context\2.1.0.RELEASE\spring-cloud-context-2.1.0.RELEASE.jar;C:\Users\bbenz\.m2\repository\org\springframework\security\spring-security-crypto\5.3.4.RELEASE\spring-security-crypto-5.3.4.RELEASE.jar;C:\Users\bbenz\.m2\repository\org\slf4j\jcl-over-slf4j\1.7.30\jcl-over-slf4j-1.7.30.jar;C:\Users\bbenz\.m2\repository\com\fasterxml\jackson\core\jackson-annotations\2.11.2\jackson-annotations-2.11.2.jar;C:\Users\bbenz\.m2\repository\com\azure\azure-core\1.3.0\azure-core-1.3.0.jar;C:\Users\bbenz\.m2\repository\com\fasterxml\jackson\dataformat\jackson-dataformat-xml\2.11.2\jackson-dataformat-xml-2.11.2.jar;C:\Users\bbenz\.m2\repository\com\fasterxml\jackson\module\jackson-module-jaxb-annotations\2.11.2\jackson-module-jaxb-annotations-2.11.2.jar;C:\Users\bbenz\.m2\repository\org\codehaus\woodstox\stax2-api\4.2.1\stax2-api-4.2.1.jar;C:\Users\bbenz\.m2\repository\com\fasterxml\woodstox\woodstox-core\6.2.1\woodstox-core-6.2.1.jar;C:\Users\bbenz\.m2\repository\io\projectreactor\reactor-core\3.3.9.RELEASE\reactor-core-3.3.9.RELEASE.jar;C:\Users\bbenz\.m2\repository\org\reactivestreams\reactive-streams\1.0.3\reactive-streams-1.0.3.jar;C:\Users\bbenz\.m2\repository\io\netty\netty-tcnative-boringssl-static\2.0.31.Final\netty-tcnative-boringssl-static-2.0.31.Final.jar;C:\Users\bbenz\.m2\repository\com\azure\azure-data-appconfiguration\1.1.0\azure-data-appconfiguration-1.1.0.jar;C:\Users\bbenz\.m2\repository\com\azure\azure-identity\1.0.4\azure-identity-1.0.4.jar;C:\Users\bbenz\.m2\repository\com\microsoft\azure\msal4j\0.5.0-preview\msal4j-0.5.0-preview.jar;C:\Users\bbenz\.m2\repository\com\google\code\gson\gson\2.8.6\gson-2.8.6.jar;C:\Users\bbenz\.m2\repository\commons-codec\commons-codec\1.14\commons-codec-1.14.jar;C:\Users\bbenz\.m2\repository\org\apache\commons\commons-lang3\3.10\commons-lang3-3.10.jar;C:\Users\bbenz\.m2\repository\org\apache\httpcomponents\httpclient\4.5.12\httpclient-4.5.12.jar;C:\Users\bbenz\.m2\repository\org\apache\httpcomponents\httpcore\4.4.13\httpcore-4.4.13.jar;C:\Users\bbenz\.m2\repository\com\nimbusds\oauth2-oidc-sdk\7.1.1\oauth2-oidc-sdk-7.1.1.jar;C:\Users\bbenz\.m2\repository\com\github\stephenc\jcip\jcip-annotations\1.0-1\jcip-annotations-1.0-1.jar;C:\Users\bbenz\.m2\repository\com\nimbusds\content-type\2.0\content-type-2.0.jar;C:\Users\bbenz\.m2\repository\com\nimbusds\lang-tag\1.4.4\lang-tag-1.4.4.jar;C:\Users\bbenz\.m2\repository\com\nimbusds\nimbus-jose-jwt\8.8\nimbus-jose-jwt-8.8.jar;C:\Users\bbenz\.m2\repository\com\sun\mail\javax.mail\1.6.1\javax.mail-1.6.1.jar;C:\Users\bbenz\.m2\repository\javax\activation\activation\1.1\activation-1.1.jar;C:\Users\bbenz\.m2\repository\org\nanohttpd\nanohttpd\2.3.1\nanohttpd-2.3.1.jar;C:\Users\bbenz\.m2\repository\net\java\dev\jna\jna-platform\5.4.0\jna-platform-5.4.0.jar;C:\Users\bbenz\.m2\repository\net\java\dev\jna\jna\5.4.0\jna-5.4.0.jar;C:\Users\bbenz\.m2\repository\com\azure\azure-security-keyvault-secrets\4.1.1\azure-security-keyvault-secrets-4.1.1.jar;C:\Users\bbenz\.m2\repository\com\azure\azure-core-http-netty\1.3.0\azure-core-http-netty-1.3.0.jar;C:\Users\bbenz\.m2\repository\io\netty\netty-handler\4.1.51.Final\netty-handler-4.1.51.Final.jar;C:\Users\bbenz\.m2\repository\io\netty\netty-common\4.1.51.Final\netty-common-4.1.51.Final.jar;C:\Users\bbenz\.m2\repository\io\netty\netty-resolver\4.1.51.Final\netty-resolver-4.1.51.Final.jar;C:\Users\bbenz\.m2\repository\io\netty\netty-transport\4.1.51.Final\netty-transport-4.1.51.Final.jar;C:\Users\bbenz\.m2\repository\io\netty\netty-codec\4.1.51.Final\netty-codec-4.1.51.Final.jar;C:\Users\bbenz\.m2\repository\io\netty\netty-handler-proxy\4.1.51.Final\netty-handler-proxy-4.1.51.Final.jar;C:\Users\bbenz\.m2\repository\io\netty\netty-codec-socks\4.1.51.Final\netty-codec-socks-4.1.51.Final.jar;C:\Users\bbenz\.m2\repository\io\netty\netty-buffer\4.1.51.Final\netty-buffer-4.1.51.Final.jar;C:\Users\bbenz\.m2\repository\io\netty\netty-codec-http\4.1.51.Final\netty-codec-http-4.1.51.Final.jar;C:\Users\bbenz\.m2\repository\io\netty\netty-codec-http2\4.1.51.Final\netty-codec-http2-4.1.51.Final.jar;C:\Users\bbenz\.m2\repository\io\netty\netty-transport-native-unix-common\4.1.51.Final\netty-transport-native-unix-common-4.1.51.Final.jar;C:\Users\bbenz\.m2\repository\io\netty\netty-transport-native-epoll\4.1.51.Final\netty-transport-native-epoll-4.1.51.Final-linux-x86_64.jar;C:\Users\bbenz\.m2\repository\org\springframework\boot\spring-boot-starter-logging\2.3.3.RELEASE\spring-boot-starter-logging-2.3.3.RELEASE.jar;C:\Users\bbenz\.m2\repository\ch\qos\logback\logback-classic\1.2.3\logback-classic-1.2.3.jar;C:\Users\bbenz\.m2\repository\ch\qos\logback\logback-core\1.2.3\logback-core-1.2.3.jar;C:\Users\bbenz\.m2\repository\org\apache\logging\log4j\log4j-to-slf4j\2.13.3\log4j-to-slf4j-2.13.3.jar;C:\Users\bbenz\.m2\repository\org\apache\logging\log4j\log4j-api\2.13.3\log4j-api-2.13.3.jar;C:\Users\bbenz\.m2\repository\org\slf4j\jul-to-slf4j\1.7.30\jul-to-slf4j-1.7.30.jar;C:\Users\bbenz\.m2\repository\org\hibernate\validator\hibernate-validator\6.1.5.Final\hibernate-validator-6.1.5.Final.jar;C:\Users\bbenz\.m2\repository\jakarta\validation\jakarta.validation-api\2.0.2\jakarta.validation-api-2.0.2.jar;C:\Users\bbenz\.m2\repository\org\jboss\logging\jboss-logging\3.4.1.Final\jboss-logging-3.4.1.Final.jar;C:\Users\bbenz\.m2\repository\com\fasterxml\classmate\1.5.1\classmate-1.5.1.jar;C:\Users\bbenz\.m2\repository\com\microsoft\azure\spring-cloud-azure-feature-management-web\1.1.5\spring-cloud-azure-feature-management-web-1.1.5.jar;C:\Users\bbenz\.m2\repository\com\microsoft\azure\spring-cloud-azure-feature-management\1.1.5\spring-cloud-azure-feature-management-1.1.5.jar;C:\Users\bbenz\.m2\repository\io\projectreactor\netty\reactor-netty\0.9.11.RELEASE\reactor-netty-0.9.11.RELEASE.jar;C:\Users\bbenz\.m2\repository\org\springframework\boot\spring-boot-starter-thymeleaf\2.3.3.RELEASE\spring-boot-starter-thymeleaf-2.3.3.RELEASE.jar;C:\Users\bbenz\.m2\repository\org\thymeleaf\thymeleaf-spring5\3.0.11.RELEASE\thymeleaf-spring5-3.0.11.RELEASE.jar;C:\Users\bbenz\.m2\repository\org\thymeleaf\thymeleaf\3.0.11.RELEASE\thymeleaf-3.0.11.RELEASE.jar;C:\Users\bbenz\.m2\repository\org\attoparser\attoparser\2.0.5.RELEASE\attoparser-2.0.5.RELEASE.jar;C:\Users\bbenz\.m2\repository\org\unbescape\unbescape\1.1.6.RELEASE\unbescape-1.1.6.RELEASE.jar;C:\Users\bbenz\.m2\repository\org\thymeleaf\extras\thymeleaf-extras-java8time\3.0.4.RELEASE\thymeleaf-extras-java8time-3.0.4.RELEASE.jar;C:\Users\bbenz\.m2\repository\org\projectlombok\lombok\1.18.22\lombok-1.18.22.jar;"/>
    <property name="sun.cpu.endian" value="little"/>
    <property name="user.home" value="C:\Users\bbenz"/>
    <property name="user.language" value="en"/>
    <property name="java.specification.vendor" value="Oracle Corporation"/>
    <property name="java.version.date" value="2022-01-18"/>
    <property name="java.home" value="C:\Program Files\Eclipse Adoptium\jdk-17.0.2.8-hotspot"/>
    <property name="file.separator" value="\"/>
    <property name="basedir" value="C:\Users\bbenz\OneDrive - Microsoft\Documents\GitHub\devopsforjavashops-TestABAzureDevOPs"/>
    <property name="java.vm.compressedOopsMode" value="Zero based"/>
    <property name="line.separator" value="&#10;"/>
    <property name="java.vm.specification.vendor" value="Oracle Corporation"/>
    <property name="java.specification.name" value="Java Platform API Specification"/>
    <property name="surefire.real.class.path" value="C:\Users\bbenz\AppData\Local\Temp\surefire17917500812473016884\surefirebooter11952045411570556681.jar"/>
    <property name="user.script" value=""/>
    <property name="sun.management.compiler" value="HotSpot 64-Bit Tiered Compilers"/>
    <property name="java.runtime.version" value="17.0.2+8"/>
    <property name="user.name" value="bbenz"/>
    <property name="path.separator" value=";"/>
    <property name="os.version" value="10.0"/>
    <property name="java.runtime.name" value="OpenJDK Runtime Environment"/>
    <property name="file.encoding" value="Cp1252"/>
    <property name="java.vm.name" value="OpenJDK 64-Bit Server VM"/>
    <property name="java.vendor.version" value="Temurin-17.0.2+8"/>
    <property name="localRepository" value="C:\Users\bbenz\.m2\repository"/>
    <property name="java.vendor.url.bug" value="https://github.com/adoptium/adoptium-support/issues"/>
    <property name="java.io.tmpdir" value="C:\Users\bbenz\AppData\Local\Temp\"/>
    <property name="java.version" value="17.0.2"/>
    <property name="user.dir" value="C:\Users\bbenz\OneDrive - Microsoft\Documents\GitHub\devopsforjavashops-TestABAzureDevOPs"/>
    <property name="os.arch" value="amd64"/>
    <property name="java.vm.specification.name" value="Java Virtual Machine Specification"/>
    <property name="sun.os.patch.level" value=""/>
    <property name="native.encoding" value="Cp1252"/>
    <property name="java.library.path" value="C:\Program Files\Eclipse Adoptium\jdk-17.0.2.8-hotspot\bin;C:\WINDOWS\Sun\Java\bin;C:\WINDOWS\system32;C:\WINDOWS;C:\Program Files\Eclipse Adoptium\jdk-17.0.2.8-hotspot\bin;C:\Program Files (x86)\Microsoft SDKs\Azure\CLI2\wbin;C:\Program Files\AdoptOpenJDK\jdk-11.0.10.9-hotspot\bin;C:\Python39\Scripts\;C:\Python39\;C:\WINDOWS\system32;C:\WINDOWS;C:\WINDOWS\System32\Wbem;C:\WINDOWS\System32\WindowsPowerShell\v1.0\;C:\WINDOWS\System32\OpenSSH\;C:\Program Files\dotnet\;C:\Program Files\nodejs\;C:\ProgramData\chocolatey\bin;C:\maven\apache-maven-3.8.4\bin;C:\Gradle\gradle-7.3\bin;C:\Program Files\NVIDIA Corporation\NVIDIA NvDLISR;C:\Program Files\Git\cmd;C:\Program Files\Docker\Docker\resources\bin;C:\ProgramData\DockerDesktop\version-bin;C:\Users\bbenz\AppData\Local\Microsoft\WindowsApps;C:\Users\bbenz\AppData\Local\Programs\Microsoft VS Code\bin;C:\Users\bbenz\.dotnet\tools;C:\Users\bbenz\AppData\Roaming\npm;C:\maven\apache-maven-3.8.4\bin;C:\Program Files\JetBrains\IntelliJ IDEA 2021.2.1\bin;;C:\Users\bbenz\AppData\Local\GitHubDesktop\bin;C:\Gradle\gradle-7.3\bin;;."/>
    <property name="java.vm.info" value="mixed mode, sharing"/>
    <property name="java.vendor" value="Eclipse Adoptium"/>
    <property name="java.vm.version" value="17.0.2+8"/>
    <property name="sun.io.unicode.encoding" value="UnicodeLittle"/>
    <property name="java.class.version" value="61.0"/>
  </properties>
  <testcase name="contextLoads" classname="com.example.demo.DemoApplicationTests" time="0.382"/>
</testsuite>